#
# There is insufficient memory for the Java Runtime Environment to continue.
# Native memory allocation (mmap) failed to map 264241152 bytes. Error detail: G1 virtual space
# Possible reasons:
#   The system is out of physical RAM or swap space
#   This process is running with CompressedOops enabled, and the Java Heap may be blocking the growth of the native heap
# Possible solutions:
#   Reduce memory load on the system
#   Increase physical memory or swap space
#   Check if swap backing store is full
#   Decrease Java heap size (-Xmx/-Xms)
#   Decrease number of Java threads
#   Decrease Java thread stack sizes (-Xss)
#   Set larger code cache with -XX:ReservedCodeCacheSize=
#   JVM is running with Zero Based Compressed Oops mode in which the Java heap is
#     placed in the first 32GB address space. The Java Heap base address is the
#     maximum limit for the native heap growth. Please use -XX:HeapBaseMinAddress
#     to set the Java Heap base and to place the Java Heap above 32GB virtual address.
# This output file may be truncated or incomplete.
#
#  Out of Memory Error (os_windows.cpp:3686), pid=35804, tid=35712
#
# JRE version:  (21.0.6+7) (build )
# Java VM: OpenJDK 64-Bit Server VM (21.0.6+7-adhoc.Administrator.jdk21u, mixed mode, sharing, tiered, compressed oops, compressed class ptrs, g1 gc, windows-amd64)
# No core dump will be written. Minidumps are not enabled by default on client versions of Windows
#

---------------  S U M M A R Y ------------

Command Line: -Dfile.encoding=UTF-8 -Dstdout.encoding=UTF-8 -Dstderr.encoding=UTF-8 -XX:+ShowCodeDetailsInExceptionMessages com.assignment.registrationProcess.RegistrationProcessApplication

Host: 13th Gen Intel(R) Core(TM) i5-1345U, 12 cores, 15G,  Windows 11 , 64 bit Build 26100 (10.0.26100.4768)
Time: Mon Sep 15 23:35:52 2025 India Standard Time elapsed time: 0.044021 seconds (0d 0h 0m 0s)

---------------  T H R E A D  ---------------

Current thread (0x00000127a46af810):  JavaThread "Unknown thread" [_thread_in_vm, id=35712, stack(0x0000001b75000000,0x0000001b75100000) (1024K)]

Stack: [0x0000001b75000000,0x0000001b75100000]
Native frames: (J=compiled Java code, j=interpreted, Vv=VM code, C=native code)
V  [jvm.dll+0x6da5e9]
V  [jvm.dll+0x8b6b73]
V  [jvm.dll+0x8b8ece]
V  [jvm.dll+0x8b95b3]
V  [jvm.dll+0x286256]
V  [jvm.dll+0x6d6ea5]
V  [jvm.dll+0x6cabba]
V  [jvm.dll+0x35f57b]
V  [jvm.dll+0x367146]
V  [jvm.dll+0x3b9416]
V  [jvm.dll+0x3b96e8]
V  [jvm.dll+0x332c6c]
V  [jvm.dll+0x33395b]
V  [jvm.dll+0x87ee59]
V  [jvm.dll+0x3c65d1]
V  [jvm.dll+0x868173]
V  [jvm.dll+0x45a4ee]
V  [jvm.dll+0x45c171]
C  [jli.dll+0x52ab]
C  [ucrtbase.dll+0x37b0]
C  [KERNEL32.DLL+0x2e8d7]
C  [ntdll.dll+0x3c34c]


---------------  P R O C E S S  ---------------

Threads class SMR info:
_java_thread_list=0x00007ff93f29a088, length=0, elements={
}

Java Threads: ( => current thread )
Total: 0

Other Threads:
  0x00000127a4717d80 WorkerThread "GC Thread#0"                     [id=38996, stack(0x0000001b75100000,0x0000001b75200000) (1024K)]
  0x00000127a4729ea0 ConcurrentGCThread "G1 Main Marker"            [id=43732, stack(0x0000001b75200000,0x0000001b75300000) (1024K)]
  0x00000127a472a9a0 WorkerThread "G1 Conc#0"                       [id=37052, stack(0x0000001b75300000,0x0000001b75400000) (1024K)]

[error occurred during error reporting (printing all threads), id 0xc0000005, EXCEPTION_ACCESS_VIOLATION (0xc0000005) at pc=0x00007ff93e995d27]
VM state: not at safepoint (not fully initialized)

VM Mutex/Monitor currently owned by a thread:  ([mutex/lock_event])
[0x00007ff93f30e420] Heap_lock - owner thread: 0x00000127a46af810

Heap address: 0x0000000704e00000, size: 4018 MB, Compressed Oops mode: Zero based, Oop shift amount: 3

CDS archive(s) mapped at: [0x0000000000000000-0x0000000000000000-0x0000000000000000), size 0, SharedBaseAddress: 0x0000000800000000, ArchiveRelocationMode: 1.
Narrow klass base: 0x0000000000000000, Narrow klass shift: 0, Narrow klass range: 0x0

GC Precious Log:
 CardTable entry size: 512
 Card Set container configuration: InlinePtr #cards 4 size 8 Array Of Cards #cards 16 size 48 Howl #buckets 8 coarsen threshold 3686 Howl Bitmap #cards 512 size 80 coarsen threshold 460 Card regions per heap region 1 cards per card region 4096

Heap:
 garbage-first heap   total 0K, used 0K [0x0000000704e00000, 0x0000000800000000)
  region size 2048K, 0 young (0K), 0 survivors (0K)

[error occurred during error reporting (printing heap information), id 0xc0000005, EXCEPTION_ACCESS_VIOLATION (0xc0000005) at pc=0x00007ff93ed84059]
GC Heap History (0 events):
No events

Dll operation events (1 events):
Event: 0.033 Loaded shared library C:\Program Files\OpenLogic\jdk-21.0.6.7-hotspot\bin\java.dll

Deoptimization events (0 events):
No events

Classes loaded (0 events):
No events

Classes unloaded (0 events):
No events

Classes redefined (0 events):
No events

Internal exceptions (0 events):
No events

ZGC Phase Switch (0 events):
No events

VM Operations (0 events):
No events

Memory protections (0 events):
No events

Nmethod flushes (0 events):
No events

Events (0 events):
No events


Dynamic libraries:
0x00007ff744c80000 - 0x00007ff744c8e000 	C:\Program Files\OpenLogic\jdk-21.0.6.7-hotspot\bin\javaw.exe
0x00007ff9a98e0000 - 0x00007ff9a9b47000 	C:\Windows\SYSTEM32\ntdll.dll
0x00007ff9a8090000 - 0x00007ff9a8159000 	C:\Windows\System32\KERNEL32.DLL
0x00007ff9a6b90000 - 0x00007ff9a6f80000 	C:\Windows\System32\KERNELBASE.dll
0x00007ff9a71a0000 - 0x00007ff9a72eb000 	C:\Windows\System32\ucrtbase.dll
0x00007ff97a160000 - 0x00007ff97a17b000 	C:\Program Files\OpenLogic\jdk-21.0.6.7-hotspot\bin\VCRUNTIME140.dll
0x00007ff97a140000 - 0x00007ff97a158000 	C:\Program Files\OpenLogic\jdk-21.0.6.7-hotspot\bin\jli.dll
0x00007ff9a9380000 - 0x00007ff9a9545000 	C:\Windows\System32\USER32.dll
0x00007ff9a6f90000 - 0x00007ff9a6fb7000 	C:\Windows\System32\win32u.dll
0x00007ff9832b0000 - 0x00007ff98354a000 	C:\Windows\WinSxS\amd64_microsoft.windows.common-controls_6595b64144ccf1df_6.0.26100.4768_none_3e0c112ce331287c\COMCTL32.dll
0x00007ff9a7750000 - 0x00007ff9a77f9000 	C:\Windows\System32\msvcrt.dll
0x00007ff9a95e0000 - 0x00007ff9a960b000 	C:\Windows\System32\GDI32.dll
0x00007ff9a7060000 - 0x00007ff9a7198000 	C:\Windows\System32\gdi32full.dll
0x00007ff9a75c0000 - 0x00007ff9a7663000 	C:\Windows\System32\msvcp_win.dll
0x00007ff9a95a0000 - 0x00007ff9a95cf000 	C:\Windows\System32\IMM32.DLL
0x00007ff98de90000 - 0x00007ff98de9c000 	C:\Program Files\OpenLogic\jdk-21.0.6.7-hotspot\bin\vcruntime140_1.dll
0x00007ff95f2f0000 - 0x00007ff95f37d000 	C:\Program Files\OpenLogic\jdk-21.0.6.7-hotspot\bin\msvcp140.dll
0x00007ff93e650000 - 0x00007ff93f3ef000 	C:\Program Files\OpenLogic\jdk-21.0.6.7-hotspot\bin\server\jvm.dll
0x00007ff9a7690000 - 0x00007ff9a7744000 	C:\Windows\System32\ADVAPI32.dll
0x00007ff9a7800000 - 0x00007ff9a78a6000 	C:\Windows\System32\sechost.dll
0x00007ff9a7f60000 - 0x00007ff9a8078000 	C:\Windows\System32\RPCRT4.dll
0x00007ff9a8ed0000 - 0x00007ff9a8f44000 	C:\Windows\System32\WS2_32.dll
0x00007ff9a18a0000 - 0x00007ff9a18d5000 	C:\Windows\SYSTEM32\WINMM.dll
0x00007ff9a6890000 - 0x00007ff9a68ee000 	C:\Windows\SYSTEM32\POWRPROF.dll
0x00007ff989560000 - 0x00007ff98956b000 	C:\Windows\SYSTEM32\VERSION.dll
0x00007ff9a6870000 - 0x00007ff9a6884000 	C:\Windows\SYSTEM32\UMPDC.dll
0x00007ff9a5620000 - 0x00007ff9a563b000 	C:\Windows\SYSTEM32\kernel.appcore.dll
0x00007ff9a28c0000 - 0x00007ff9a28ca000 	C:\Program Files\OpenLogic\jdk-21.0.6.7-hotspot\bin\jimage.dll
0x00007ff9a3e40000 - 0x00007ff9a4081000 	C:\Windows\SYSTEM32\DBGHELP.DLL
0x00007ff9a88b0000 - 0x00007ff9a8c35000 	C:\Windows\System32\combase.dll
0x00007ff9a9170000 - 0x00007ff9a9250000 	C:\Windows\System32\OLEAUT32.dll
0x00007ff998700000 - 0x00007ff998743000 	C:\Windows\SYSTEM32\dbgcore.DLL
0x00007ff9a6fc0000 - 0x00007ff9a7059000 	C:\Windows\System32\bcryptPrimitives.dll
0x00007ff9783f0000 - 0x00007ff97840f000 	C:\Program Files\OpenLogic\jdk-21.0.6.7-hotspot\bin\java.dll

dbghelp: loaded successfully - version: 4.0.5 - missing functions: none
symbol engine: initialized successfully - sym options: 0x614 - pdb path: .;C:\Program Files\OpenLogic\jdk-21.0.6.7-hotspot\bin;C:\Windows\SYSTEM32;C:\Windows\WinSxS\amd64_microsoft.windows.common-controls_6595b64144ccf1df_6.0.26100.4768_none_3e0c112ce331287c;C:\Program Files\OpenLogic\jdk-21.0.6.7-hotspot\bin\server

VM Arguments:
jvm_args: -Dfile.encoding=UTF-8 -Dstdout.encoding=UTF-8 -Dstderr.encoding=UTF-8 -XX:+ShowCodeDetailsInExceptionMessages 
java_command: com.assignment.registrationProcess.RegistrationProcessApplication
java_class_path (initial): C:\Users\shivigupta\OneDrive - Nagarro\Desktop\camunda\registrationProcess\registrationProcess\target\classes;C:\Users\shivigupta\.m2\repository\org\springframework\boot\spring-boot-starter-web\3.5.5\spring-boot-starter-web-3.5.5.jar;C:\Users\shivigupta\.m2\repository\org\springframework\boot\spring-boot-starter\3.5.5\spring-boot-starter-3.5.5.jar;C:\Users\shivigupta\.m2\repository\org\springframework\boot\spring-boot-starter-logging\3.5.5\spring-boot-starter-logging-3.5.5.jar;C:\Users\shivigupta\.m2\repository\ch\qos\logback\logback-classic\1.5.18\logback-classic-1.5.18.jar;C:\Users\shivigupta\.m2\repository\ch\qos\logback\logback-core\1.5.18\logback-core-1.5.18.jar;C:\Users\shivigupta\.m2\repository\org\apache\logging\log4j\log4j-to-slf4j\2.24.3\log4j-to-slf4j-2.24.3.jar;C:\Users\shivigupta\.m2\repository\org\apache\logging\log4j\log4j-api\2.24.3\log4j-api-2.24.3.jar;C:\Users\shivigupta\.m2\repository\org\slf4j\jul-to-slf4j\2.0.17\jul-to-slf4j-2.0.17.jar;C:\Users\shivigupta\.m2\repository\org\yaml\snakeyaml\2.4\snakeyaml-2.4.jar;C:\Users\shivigupta\.m2\repository\org\springframework\boot\spring-boot-starter-json\3.5.5\spring-boot-starter-json-3.5.5.jar;C:\Users\shivigupta\.m2\repository\com\fasterxml\jackson\datatype\jackson-datatype-jdk8\2.19.2\jackson-datatype-jdk8-2.19.2.jar;C:\Users\shivigupta\.m2\repository\com\fasterxml\jackson\datatype\jackson-datatype-jsr310\2.19.2\jackson-datatype-jsr310-2.19.2.jar;C:\Users\shivigupta\.m2\repository\com\fasterxml\jackson\module\jackson-module-parameter-names\2.19.2\jackson-module-parameter-names-2.19.2.jar;C:\Users\shivigupta\.m2\repository\org\springframework\boot\spring-boot-starter-tomcat\3.5.5\spring-boot-starter-tomcat-3.5.5.jar;C:\Users\shivigupta\.m2\repository\org\apache\tomcat\embed\tomcat-embed-core\10.1.44\tomcat-embed-core-10.1.44.jar;C:\Users\shivigupta\.m2\repository\org\apache\tomcat\embed\tomcat-embed-el\10.1.44\tomcat-embed-el-10.1.44.jar;C:\Users\shivigupta\.m2\repository\org\apache\tomcat\embed\tomcat-embed-websocket\10.1.44\tomcat-embed-websocket-10.1.44.jar;C:\Users\shivigupta\.m2\repository\org\springframework\spring-web\6.2.10\spring-web-6.2.10.jar;C:\Users\shivigupta\.m2\repository\io\micrometer\micrometer-observation\1.15.3\micrometer-observation-1.15.3.jar;C:\Users\shivigupta\.m2\repository\org\springframework\spring-webmvc\6.2.10\spring-webmvc-6.2.10.jar;C:\Users\shivigupta\.m2\repository\org\springframework\spring-aop\6.2.10\spring-aop-6.2.10.jar;C:\Users\shivigupta\.m2\repository\org\springframework\spring-expression\6.2.10\spring-expression-6.2.10.jar;C:\Users\shivigupta\.m2\repository\org\springframework\ai\spring-ai-pdf-document-reader\1.0.0\spring-ai-pdf-document-reader-1.0.0.jar;C:\Users\shivigupta\.m2\repository\org\springframework\ai\spring-ai-commons\1.0.0\spring-ai-commons-1.0.0.jar;C:\Users\shivigupta\.m2\repository\io\micrometer\context-propagation\1.1.3\context-propagation-1.1.3.jar;C:\Users\shivigupta\.m2\repository\com\fasterxml\jackson\module\jackson-module-jsonSchema\2.19.2\jackson-module-jsonSchema-2.19.2.jar;C:\Users\shivigupta\.m2\repository\javax\validation\validation-api\1.1.0.Final\validation-api-1.1.0.Final.jar;C:\Users\shivigupta\.m2\repository\com\knuddels\jtokkit\1.1.0\jtokkit-1.1.0.jar;C:\Users\shivigupta\.m2\repository\jakarta\xml\bind\jakarta.xml.bind-api\4.0.2\jakarta.xml.bind-api-4.0.2.jar;C:\Users\shivigupta\.m2\repository\jakarta\activation\jakarta.activation-api\2.1.3\jakarta.activation-api-2.1.3.jar;C:\Users\shivigupta\.m2\repository\org\springframework\spring-core\6.2.10\spring-core-6.2.10.jar;C:\Users\shivigupta\.m2\repository\org\springframework\spring-jcl\6.2.10\spring-jcl-6.2.10.jar;C:\Users\shivigupta\.m2\repository\org\apache\pdfbox\pdfbox\2.0.27\pdfbox-2.0.27.jar;C:\Users\shivigupta\.m2\repository\org\apache\pdfbox\fontbox\2.0.27\fontbox-2.0.27.jar;C:\Users\shivigupta\.m2\repository\commons-logging\commons-logging\1.2\commons-logging-1.2.jar;C:\Users\shivigupta\.m2\repository\org\projectlombok\lombok\1.18.32\lombok-1.18.32.jar;C:\Users\shivigupta\.m2\repository\io\camunda\zeebe-client-java\8.6.13\zeebe-client-java-8.6.13.jar;C:\Users\shivigupta\.m2\repository\io\camunda\zeebe-bpmn-model\8.6.13\zeebe-bpmn-model-8.6.13.jar;C:\Users\shivigupta\.m2\repository\org\camunda\bpm\model\camunda-xml-model\7.22.0\camunda-xml-model-7.22.0.jar;C:\Users\shivigupta\.m2\repository\com\fasterxml\jackson\core\jackson-core\2.19.2\jackson-core-2.19.2.jar;C:\Users\shivigupta\.m2\repository\com\fasterxml\jackson\core\jackson-annotations\2.19.2\jackson-annotations-2.19.2.jar;C:\Users\shivigupta\.m2\repository\com\google\code\findbugs\jsr305\3.0.2\jsr305-3.0.2.jar;C:\Users\shivigupta\.m2\repository\org\apache\httpcomponents\core5\httpcore5\5.3.4\httpcore5-5.3.4.jar;C:\Users\shivigupta\.m2\repository\io\camunda\zeebe-gateway-protocol-impl\8.6.13\zeebe-gateway-protocol-impl-8.6.13.jar;C:\Users\shivigupta\.m2\repository\io\grpc\grpc-protobuf\1.68.2\grpc-protobuf-1.68.2.jar;C:\Users\shivigupta\.m2\repository\com\google\api\grpc\proto-google-common-protos\2.41.0\proto-google-common-protos-2.41.0.jar;C:\Users\shivigupta\.m2\repository\io\grpc\grpc-protobuf-lite\1.68.2\grpc-protobuf-lite-1.68.2.jar;C:\Users\shivigupta\.m2\repository\com\google\guava\guava\33.3.1-jre\guava-33.3.1-jre.jar;C:\Users\shivigupta\.m2\repository\com\google\guava\failureaccess\1.0.2\failureaccess-1.0.2.jar;C:\Users\shivigupta\.m2\repository\com\google\guava\listenablefuture\9999.0-empty-to-avoid-conflict-with-guava\listenablefuture-9999.0-empty-to-avoid-conflict-with-guava.jar;C:\Users\shivigupta\.m2\repository\org\checkerframework\checker-qual\3.43.0\checker-qual-3.43.0.jar;C:\Users\shivigupta\.m2\repository\com\google\j2objc\j2objc-annotations\3.0.0\j2objc-annotations-3.0.0.jar;C:\Users\shivigupta\.m2\repository\org\slf4j\slf4j-api\2.0.17\slf4j-api-2.0.17.jar;C:\Users\shivigupta\.m2\repository\org\apache\httpcomponents\client5\httpclient5\5.5\httpclient5-5.5.jar;C:\Users\shivigupta\.m2\repository\org\apache\httpcomponents\core5\httpcore5-h2\5.3.4\httpcore5-h2-5.3.4.jar;C:\Users\shivigupta\.m2\repository\io\grpc\grpc-stub\1.68.2\grpc-stub-1.68.2.jar;C:\Users\shivigupta\.m2\repository\com\google\errorprone\error_prone_annotations\2.28.0\error_prone_annotations-2.28.0.jar;C:\Users\shivigupta\.m2\repository\io\grpc\grpc-core\1.68.2\grpc-core-1.68.2.jar;C:\Users\shivigupta\.m2\repository\com\google\code\gson\gson\2.13.1\gson-2.13.1.jar;C:\Users\shivigupta\.m2\repository\com\google\android\annotations\4.1.1.4\annotations-4.1.1.4.jar;C:\Users\shivigupta\.m2\repository\org\codehaus\mojo\animal-sniffer-annotations\1.24\animal-sniffer-annotations-1.24.jar;C:\Users\shivigupta\.m2\repository\io\perfmark\perfmark-api\0.27.0\perfmark-api-0.27.0.jar;C:\Users\shivigupta\.m2\repository\io\grpc\grpc-context\1.68.2\grpc-context-1.68.2.jar;C:\Users\shivigupta\.m2\repository\io\grpc\grpc-api\1.68.2\grpc-api-1.68.2.jar;C:\Users\shivigupta\.m2\repository\io\grpc\grpc-netty\1.68.2\grpc-netty-1.68.2.jar;C:\Users\shivigupta\.m2\repository\io\netty\netty-codec-http2\4.1.124.Final\netty-codec-http2-4.1.124.Final.jar;C:\Users\shivigupta\.m2\repository\io\netty\netty-codec-http\4.1.124.Final\netty-codec-http-4.1.124.Final.jar;C:\Users\shivigupta\.m2\repository\io\netty\netty-handler-proxy\4.1.124.Final\netty-handler-proxy-4.1.124.Final.jar;C:\Users\shivigupta\.m2\repository\io\netty\netty-codec-socks\4.1.124.Final\netty-codec-socks-4.1.124.Final.jar;C:\Users\shivigupta\.m2\repository\io\netty\netty-transport-native-unix-common\4.1.124.Final\netty-transport-native-unix-common-4.1.124.Final.jar;C:\Users\shivigupta\.m2\repository\io\grpc\grpc-util\1.68.2\grpc-util-1.68.2.jar;C:\Users\shivigupta\.m2\repository\com\google\protobuf\protobuf-java\3.25.6\protobuf-java-3.25.6.jar;C:\Users\shivigupta\.m2\repository\io\netty\netty-tcnative-boringssl-static\2.0.72.Final\netty-tcnative-boringssl-static-2.0.72.Final.jar;C:\Users\shivigupta\.m2\repository\io\netty\netty-tcnative-classes\2.0.72.Final\netty-tcnative-classes-2.0.72.Final.jar;C:\Users\shivigupta\.m2\repository\io\netty\netty-tcnative-boringssl-static\2.0.72.Final\netty-tcnative-boringssl-static-2.0.72.Final-linux-x86_64.jar;C:\Users\shivigupta\.m2\repository\io\netty\netty-tcnative-boringssl-static\2.0.72.Final\netty-tcnative-boringssl-static-2.0.72.Final-linux-aarch_64.jar;C:\Users\shivigupta\.m2\repository\io\netty\netty-tcnative-boringssl-static\2.0.72.Final\netty-tcnative-boringssl-static-2.0.72.Final-osx-x86_64.jar;C:\Users\shivigupta\.m2\repository\io\netty\netty-tcnative-boringssl-static\2.0.72.Final\netty-tcnative-boringssl-static-2.0.72.Final-osx-aarch_64.jar;C:\Users\shivigupta\.m2\repository\io\netty\netty-tcnative-boringssl-static\2.0.72.Final\netty-tcnative-boringssl-static-2.0.72.Final-windows-x86_64.jar;C:\Users\shivigupta\.m2\repository\io\netty\netty-handler\4.1.124.Final\netty-handler-4.1.124.Final.jar;C:\Users\shivigupta\.m2\repository\io\netty\netty-resolver\4.1.124.Final\netty-resolver-4.1.124.Final.jar;C:\Users\shivigupta\.m2\repository\io\netty\netty-buffer\4.1.124.Final\netty-buffer-4.1.124.Final.jar;C:\Users\shivigupta\.m2\repository\io\netty\netty-transport\4.1.124.Final\netty-transport-4.1.124.Final.jar;C:\Users\shivigupta\.m2\repository\io\netty\netty-codec\4.1.124.Final\netty-codec-4.1.124.Final.jar;C:\Users\shivigupta\.m2\repository\io\netty\netty-common\4.1.124.Final\netty-common-4.1.124.Final.jar;C:\Users\shivigupta\.m2\repository\com\fasterxml\jackson\dataformat\jackson-dataformat-yaml\2.19.2\jackson-dataformat-yaml-2.19.2.jar;C:\Users\shivigupta\.m2\repository\io\camunda\spring-boot-starter-camunda-sdk\8.6.13\spring-boot-starter-camunda-sdk-8.6.13.jar;C:\Users\shivigupta\.m2\repository\org\springframework\spring-context\6.2.10\spring-context-6.2.10.jar;C:\Users\shivigupta\.m2\repository\org\springframework\boot\spring-boot\3.5.5\spring-boot-3.5.5.jar;C:\Users\shivigupta\.m2\repository\org\springframework\boot\spring-boot-autoconfigure\3.5.5\spring-boot-autoconfigure-3.5.5.jar;C:\Users\shivigupta\.m2\repository\org\springframework\spring-beans\6.2.10\spring-beans-6.2.10.jar;C:\Users\shivigupta\.m2\repository\jakarta\annotation\jakarta.annotation-api\2.1.1\jakarta.annotation-api-2.1.1.jar;C:\Users\shivigupta\.m2\repository\org\apache\commons\commons-lang3\3.17.0\commons-lang3-3.17.0.jar;C:\Users\shivigupta\.m2\repository\io\micrometer\micrometer-core\1.15.3\micrometer-core-1.15.3.jar;C:\Users\shivigupta\.m2\repository\io\micrometer\micrometer-commons\1.15.3\micrometer-commons-1.15.3.jar;C:\Users\shivigupta\.m2\repository\org\hdrhistogram\HdrHistogram\2.2.2\HdrHistogram-2.2.2.jar;C:\Users\shivigupta\.m2\repository\org\latencyutils\LatencyUtils\2.0.3\LatencyUtils-2.0.3.jar;C:\Users\shivigupta\.m2\repository\org\springframework\boot\spring-boot-actuator-autoconfigure\3.5.5\spring-boot-actuator-autoconfigure-3.5.5.jar;C:\Users\shivigupta\.m2\repository\org\springframework\boot\spring-boot-actuator\3.5.5\spring-boot-actuator-3.5.5.jar;C:\Users\shivigupta\.m2\repository\commons-beanutils\commons-beanutils\1.9.4\commons-beanutils-1.9.4.jar;C:\Users\shivigupta\.m2\repository\net\sourceforge\tess4j\tess4j\5.4.0\tess4j-5.4.0.jar;C:\Users\shivigupta\.m2\repository\net\java\dev\jna\jna\5.12.1\jna-5.12.1.jar;C:\Users\shivigupta\.m2\repository\com\github\jai-imageio\jai-imageio-core\1.4.0\jai-imageio-core-1.4.0.jar;C:\Users\shivigupta\.m2\repository\org\apache\pdfbox\pdfbox-tools\2.0.26\pdfbox-tools-2.0.26.jar;C:\Users\shivigupta\.m2\repository\org\apache\pdfbox\pdfbox-debugger\2.0.26\pdfbox-debugger-2.0.26.jar;C:\Users\shivigupta\.m2\repository\org\apache\pdfbox\jbig2-imageio\3.0.4\jbig2-imageio-3.0.4.jar;C:\Users\shivigupta\.m2\repository\commons-io\commons-io\2.11.0\commons-io-2.11.0.jar;C:\Users\shivigupta\.m2\repository\net\sourceforge\lept4j\lept4j\1.16.2\lept4j-1.16.2.jar;C:\Users\shivigupta\.m2\repository\org\jboss\jboss-vfs\3.2.17.Final\jboss-vfs-3.2.17.Final.jar;C:\Users\shivigupta\.m2\repository\org\jboss\logging\jboss-logging\3.6.1.Final\jboss-logging-3.6.1.Final.jar;C:\Users\shivigupta\.m2\repository\org\json\json\20240303\json-20240303.jar;C:\Users\shivigupta\.m2\repository\org\springframework\boot\spring-boot-starter-activemq\3.5.5\spring-boot-starter-activemq-3.5.5.jar;C:\Users\shivigupta\.m2\repository\org\springframework\spring-jms\6.2.10\spring-jms-6.2.10.jar;C:\Users\shivigupta\.m2\repository\org\springframework\spring-messaging\6.2.10\spring-messaging-6.2.10.jar;C:\Users\shivigupta\.m2\repository\org\apache\activemq\activemq-client\6.1.7\activemq-client-6.1.7.jar;C:\Users\shivigupta\.m2\repository\jakarta\jms\jakarta.jms-api\3.1.0\jakarta.jms-api-3.1.0.jar;C:\Users\shivigupta\.m2\repository\org\fusesource\hawtbuf\hawtbuf\1.11\hawtbuf-1.11.jar;C:\Users\shivigupta\.m2\repository\com\h2database\h2\2.3.232\h2-2.3.232.jar;C:\Users\shivigupta\.m2\repository\org\apache\activemq\activemq-broker\5.18.6\activemq-broker-5.18.6.jar;C:\Users\shivigupta\.m2\repository\org\apache\activemq\activemq-openwire-legacy\6.1.7\activemq-openwire-legacy-6.1.7.jar;C:\Users\shivigupta\.m2\repository\javax\annotation\javax.annotation-api\1.3.2\javax.annotation-api-1.3.2.jar;C:\Users\shivigupta\.m2\repository\com\fasterxml\jackson\core\jackson-databind\2.19.2\jackson-databind-2.19.2.jar;C:\Users\shivigupta\.m2\repository\org\camunda\bpm\springboot\camunda-bpm-spring-boot-starter\7.23.0\camunda-bpm-spring-boot-starter-7.23.0.jar;C:\Users\shivigupta\.m2\repository\org\camunda\bpm\camunda-engine-spring-6\7.23.0\camunda-engine-spring-6-7.23.0.jar;C:\Users\shivigupta\.m2\repository\org\camunda\bpm\camunda-engine\7.23.0\camunda-engine-7.23.0.jar;C:\Users\shivigupta\.m2\repository\org\camunda\bpm\model\camunda-bpmn-model\7.23.0\camunda-bpmn-model-7.23.0.jar;C:\Users\shivigupta\.m2\repository\org\camunda\bpm\model\camunda-cmmn-model\7.23.0\camunda-cmmn-model-7.23.0.jar;C:\Users\shivigupta\.m2\repository\org\camunda\bpm\juel\camunda-juel\7.23.0\camunda-juel-7.23.0.jar;C:\Users\shivigupta\.m2\repository\org\camunda\bpm\dmn\camunda-engine-dmn\7.23.0\camunda-engine-dmn-7.23.0.jar;C:\Users\shivigupta\.m2\repository\org\camunda\commons\camunda-commons-utils\7.23.0\camunda-commons-utils-7.23.0.jar;C:\Users\shivigupta\.m2\repository\org\camunda\bpm\model\camunda-dmn-model\7.23.0\camunda-dmn-model-7.23.0.jar;C:\Users\shivigupta\.m2\repository\org\camunda\bpm\dmn\camunda-engine-feel-api\7.23.0\camunda-engine-feel-api-7.23.0.jar;C:\Users\shivigupta\.m2\repository\org\camunda\bpm\dmn\camunda-engine-feel-juel\7.23.0\camunda-engine-feel-juel-7.23.0.jar;C:\Users\shivigupta\.m2\repository\org\camunda\bpm\dmn\camunda-engine-feel-scala\7.23.0\camunda-engine-feel-scala-7.23.0.jar;C:\Users\shivigupta\.m2\repository\org\camunda\feel\feel-engine\1.19.1\feel-engine-1.19.1-scala-shaded.jar;C:\Users\shivigupta\.m2\repository\org\camunda\commons\camunda-commons-logging\7.23.0\camunda-commons-logging-7.23.0.jar;C:\Users\shivigupta\.m2\repository\org\camunda\commons\camunda-commons-typed-values\7.23.0\camunda-commons-typed-values-7.23.0.jar;C:\Users\shivigupta\.m2\repository\org\mybatis\mybatis\3.5.15\mybatis-3.5.15.jar;C:\Users\shivigupta\.m2\repository\joda-time\joda-time\2.12.5\joda-time-2.12.5.jar;C:\Users\shivigupta\.m2\repository\org\springframework\spring-jdbc\6.2.10\spring-jdbc-6.2.10.jar;C:\Users\shivigupta\.m2\repository\org\springframework\spring-tx\6.2.10\spring-tx-6.2.10.jar;C:\Users\shivigupta\.m2\repository\org\springframework\spring-orm\6.2.10\spring-orm-6.2.10.jar;C:\Users\shivigupta\.m2\repository\com\fasterxml\uuid\java-uuid-generator\4.3.0\java-uuid-generator-4.3.0.jar;C:\Users\shivigupta\.m2\repository\com\sun\xml\bind\jaxb-impl\4.0.5\jaxb-impl-4.0.5.jar;C:\Users\shivigupta\.m2\repository\com\sun\xml\bind\jaxb-core\4.0.5\jaxb-core-4.0.5.jar;C:\Users\shivigupta\.m2\repository\org\eclipse\angus\angus-activation\2.0.2\angus-activation-2.0.2.jar
Launcher Type: SUN_STANDARD

[Global flags]
     intx CICompilerCount                          = 4                                         {product} {ergonomic}
     uint ConcGCThreads                            = 3                                         {product} {ergonomic}
     uint G1ConcRefinementThreads                  = 10                                        {product} {ergonomic}
   size_t G1HeapRegionSize                         = 2097152                                   {product} {ergonomic}
    uintx GCDrainStackTargetSize                   = 64                                        {product} {ergonomic}
   size_t InitialHeapSize                          = 264241152                                 {product} {ergonomic}
   size_t MarkStackSize                            = 4194304                                   {product} {ergonomic}
   size_t MaxHeapSize                              = 4213178368                                {product} {ergonomic}
   size_t MinHeapDeltaBytes                        = 2097152                                   {product} {ergonomic}
   size_t MinHeapSize                              = 8388608                                   {product} {ergonomic}
    uintx NonNMethodCodeHeapSize                   = 5839372                                {pd product} {ergonomic}
    uintx NonProfiledCodeHeapSize                  = 122909434                              {pd product} {ergonomic}
    uintx ProfiledCodeHeapSize                     = 122909434                              {pd product} {ergonomic}
    uintx ReservedCodeCacheSize                    = 251658240                              {pd product} {ergonomic}
     bool SegmentedCodeCache                       = true                                      {product} {ergonomic}
     bool ShowCodeDetailsInExceptionMessages       = true                                   {manageable} {command line}
   size_t SoftMaxHeapSize                          = 4213178368                             {manageable} {ergonomic}
     bool UseCompressedOops                        = true                           {product lp64_product} {ergonomic}
     bool UseG1GC                                  = true                                      {product} {ergonomic}
     bool UseLargePagesIndividualAllocation        = false                                  {pd product} {ergonomic}

Logging:
Log output configuration:
 #0: stdout all=warning uptime,level,tags foldmultilines=false
 #1: stderr all=off uptime,level,tags foldmultilines=false

Environment Variables:
JAVA_HOME=C:\Program Files\OpenLogic\jdk-21.0.6.7-hotspot\
PATH=C:/Program Files/OpenLogic/jdk-21.0.6.7-hotspot/bin/server;C:/Program Files/OpenLogic/jdk-21.0.6.7-hotspot/bin;C:\Program Files\OpenLogic\jdk-21.0.6.7-hotspot\bin;C:\Windows\system32;C:\Windows;C:\Windows\System32\Wbem;C:\Windows\System32\WindowsPowerShell\v1.0\;C:\Windows\System32\OpenSSH\;C:\Program Files\dotnet\;C:\Program Files\TortoiseSVN\bin;C:\Program Files\Microsoft VS Code\bin;C:\Program Files\nodejs\;C:\Program Files\Git\cmd;C:\Users\shivigupta\AppData\Local\Programs\Python\Python313\Scripts\;C:\Users\shivigupta\AppData\Local\Programs\Python\Python313\;C:\Users\shivigupta\AppData\Local\Microsoft\WindowsApps;C:\Users\shivigupta\AppData\Roaming\npm;C:\Users\shivigupta\AppData\Local\Programs\Microsoft VS Code\bin;C:\Windows\system32;
USERNAME=shivigupta
OS=Windows_NT
PROCESSOR_IDENTIFIER=Intel64 Family 6 Model 186 Stepping 3, GenuineIntel
TMP=C:\Users\SHIVIG~1\AppData\Local\Temp
TEMP=C:\Users\SHIVIG~1\AppData\Local\Temp




Periodic native trim disabled

---------------  S Y S T E M  ---------------

OS:
 Windows 11 , 64 bit Build 26100 (10.0.26100.4768)
OS uptime: 0 days 9:04 hours
Hyper-V role detected

CPU: total 12 (initial active 12) (6 cores per cpu, 2 threads per core) family 6 model 186 stepping 3 microcode 0x4128, cx8, cmov, fxsr, ht, mmx, 3dnowpref, sse, sse2, sse3, ssse3, sse4.1, sse4.2, popcnt, lzcnt, tsc, tscinvbit, avx, avx2, aes, erms, clmul, bmi1, bmi2, adx, sha, fma, vzeroupper, clflush, clflushopt, clwb, hv, serialize, rdtscp, rdpid, fsrm, f16c, cet_ibt, cet_ss
Processor Information for processor 0
  Max Mhz: 1600, Current Mhz: 1520, Mhz Limit: 1600
Processor Information for processor 1
  Max Mhz: 1600, Current Mhz: 1520, Mhz Limit: 1600
Processor Information for processor 2
  Max Mhz: 1600, Current Mhz: 1600, Mhz Limit: 1600
Processor Information for processor 3
  Max Mhz: 1600, Current Mhz: 1520, Mhz Limit: 1600
Processor Information for processor 4
  Max Mhz: 1600, Current Mhz: 1600, Mhz Limit: 1600
Processor Information for processor 5
  Max Mhz: 1600, Current Mhz: 1600, Mhz Limit: 1600
Processor Information for processor 6
  Max Mhz: 1600, Current Mhz: 1466, Mhz Limit: 1600
Processor Information for processor 7
  Max Mhz: 1600, Current Mhz: 1600, Mhz Limit: 1600
Processor Information for processor 8
  Max Mhz: 1600, Current Mhz: 1600, Mhz Limit: 1600
Processor Information for processor 9
  Max Mhz: 1600, Current Mhz: 1600, Mhz Limit: 1600
Processor Information for processor 10
  Max Mhz: 1600, Current Mhz: 1466, Mhz Limit: 1600
Processor Information for processor 11
  Max Mhz: 1600, Current Mhz: 1600, Mhz Limit: 1600

Memory: 4k page, system-wide physical 16068M (2010M free)
TotalPageFile size 26568M (AvailPageFile size 154M)
current process WorkingSet (physical memory assigned to process): 12M, peak: 12M
current process commit charge ("private bytes"): 64M, peak: 316M

vm_info: OpenJDK 64-Bit Server VM (21.0.6+7-adhoc.Administrator.jdk21u) for windows-amd64 JRE (21.0.6+7-adhoc.Administrator.jdk21u), built on 2025-01-23T09:25:02Z by "Administrator" with MS VC++ 16.10 / 16.11 (VS2019)

END.
